app/build/intermediates/manifest_merge_blame_file/release/manifest-merger-blame-release-report.txt
1<?xml version="1.0" encoding="utf-8"?>
2<manifest xmlns:android="http://schemas.android.com/apk/res/android"
3    package="com.anity.healthpunch"
4    android:versionCode="127"
5    android:versionName="1.2.7" >
6
7    <uses-sdk
8        android:minSdkVersion="27"
8-->src\main\AndroidManifest.xml
9        android:targetSdkVersion="32" />
9-->src\main\AndroidManifest.xml
10
11    <uses-permission android:name="android.permission.INTERNET" /> <!-- 用于进行网络定位 -->
11-->src\main\AndroidManifest.xml:6:5-67
11-->src\main\AndroidManifest.xml:6:22-64
12    <uses-permission android:name="android.permission.ACCESS_COARSE_LOCATION" /> <!-- 用于访问GPS定位 -->
12-->src\main\AndroidManifest.xml:7:5-81
12-->src\main\AndroidManifest.xml:7:22-78
13    <uses-permission android:name="android.permission.ACCESS_FINE_LOCATION" /> <!-- 用于获取运营商信息，用于支持提供运营商信息相关的接口 -->
13-->src\main\AndroidManifest.xml:8:5-79
13-->src\main\AndroidManifest.xml:8:22-76
14    <uses-permission android:name="android.permission.ACCESS_NETWORK_STATE" /> <!-- 用于访问wifi网络信息，wifi信息会用于进行网络定位 -->
14-->src\main\AndroidManifest.xml:9:5-79
14-->src\main\AndroidManifest.xml:9:22-76
15    <uses-permission android:name="android.permission.ACCESS_WIFI_STATE" /> <!-- 用于获取wifi的获取权限，wifi信息会用来进行网络定位 -->
15-->src\main\AndroidManifest.xml:10:5-76
15-->src\main\AndroidManifest.xml:10:22-73
16    <uses-permission android:name="android.permission.CHANGE_WIFI_STATE" /> <!-- 用于访问网络，网络定位需要上网 -->
16-->src\main\AndroidManifest.xml:11:5-76
16-->src\main\AndroidManifest.xml:11:22-73
17    <uses-permission android:name="android.permission.INTERNET" /> <!-- 用于读取手机当前的状态 -->
17-->src\main\AndroidManifest.xml:6:5-67
17-->src\main\AndroidManifest.xml:6:22-64
18    <uses-permission android:name="android.permission.READ_PHONE_STATE" /> <!-- 用于写入缓存数据到扩展存储卡 -->
18-->src\main\AndroidManifest.xml:13:5-75
18-->src\main\AndroidManifest.xml:13:22-72
19    <uses-permission android:name="android.permission.WRITE_EXTERNAL_STORAGE" /> <!-- 用于申请调用A-GPS模块 -->
19-->src\main\AndroidManifest.xml:14:5-81
19-->src\main\AndroidManifest.xml:14:22-78
20    <uses-permission android:name="android.permission.ACCESS_LOCATION_EXTRA_COMMANDS" /> <!-- 如果设置了target >= 28 如果需要启动后台定位则必须声明这个权限 -->
20-->src\main\AndroidManifest.xml:15:5-89
20-->src\main\AndroidManifest.xml:15:22-86
21    <uses-permission android:name="android.permission.FOREGROUND_SERVICE" /> <!-- 如果您的应用需要后台定位权限，且有可能运行在Android Q设备上,并且设置了target>28，必须增加这个权限声明 -->
21-->src\main\AndroidManifest.xml:16:5-77
21-->src\main\AndroidManifest.xml:16:22-74
22    <uses-permission android:name="android.permission.ACCESS_BACKGROUND_LOCATION" /> <!-- 在sdcard中创建/删除文件的权限 -->
22-->src\main\AndroidManifest.xml:17:5-85
22-->src\main\AndroidManifest.xml:17:22-82
23    <uses-permission android:name="android.permission.MOUNT_UNMOUNT_FILESYSTEMS" /> <!-- 安装apk 需要管理外部存储权限 -->
23-->src\main\AndroidManifest.xml:18:5-20:47
23-->src\main\AndroidManifest.xml:19:9-68
24    <uses-permission android:name="android.permission.MANAGE_EXTERNAL_STORAGE" /> <!-- 安装应用请求，Android 8.0 需要 -->
24-->src\main\AndroidManifest.xml:21:5-82
24-->src\main\AndroidManifest.xml:21:22-79
25    <uses-permission android:name="android.permission.REQUEST_INSTALL_PACKAGES" />
25-->src\main\AndroidManifest.xml:22:5-83
25-->src\main\AndroidManifest.xml:22:22-80
26
27    <application
27-->src\main\AndroidManifest.xml:24:5-71:19
28        android:name="com.anity.healthpunch.MyApplication"
28-->src\main\AndroidManifest.xml:25:9-38
29        android:allowBackup="true"
29-->src\main\AndroidManifest.xml:26:9-35
30        android:appComponentFactory="androidx.core.app.CoreComponentFactory"
30-->[androidx.core:core:1.5.0] AndroidManifest.xml:24:18-86
31        android:extractNativeLibs="false"
32        android:icon="@drawable/icon"
32-->src\main\AndroidManifest.xml:27:9-38
33        android:label="@string/app_name"
33-->src\main\AndroidManifest.xml:28:9-41
34        android:requestLegacyExternalStorage="true"
34-->src\main\AndroidManifest.xml:29:9-52
35        android:roundIcon="@drawable/icon"
35-->src\main\AndroidManifest.xml:30:9-43
36        android:screenOrientation="portrait"
36-->src\main\AndroidManifest.xml:31:9-45
37        android:supportsRtl="true"
37-->src\main\AndroidManifest.xml:32:9-35
38        android:theme="@style/Theme.Daily_Morning_Post"
38-->src\main\AndroidManifest.xml:33:9-56
39        android:usesCleartextTraffic="true" >
39-->src\main\AndroidManifest.xml:34:9-44
40        <service android:name="com.amap.api.location.APSService" />
40-->src\main\AndroidManifest.xml:36:9-68
40-->src\main\AndroidManifest.xml:36:18-65
41
42        <meta-data
42-->src\main\AndroidManifest.xml:38:9-40:64
43            android:name="com.amap.api.v2.apikey"
43-->src\main\AndroidManifest.xml:39:13-50
44            android:value="84dd0301570544d27fdc858ece82aa64" />
44-->src\main\AndroidManifest.xml:40:13-61
45
46        <activity
46-->src\main\AndroidManifest.xml:42:9-44:39
47            android:name="com.anity.healthpunch.Login_Course_Activity"
47-->src\main\AndroidManifest.xml:43:13-50
48            android:exported="true" />
48-->src\main\AndroidManifest.xml:44:13-36
49        <activity
49-->src\main\AndroidManifest.xml:45:9-47:39
50            android:name="com.anity.healthpunch.CourseActivity"
50-->src\main\AndroidManifest.xml:46:13-43
51            android:exported="true" />
51-->src\main\AndroidManifest.xml:47:13-36
52        <activity
52-->src\main\AndroidManifest.xml:48:9-60:20
53            android:name="com.anity.healthpunch.MainActivity"
53-->src\main\AndroidManifest.xml:49:13-41
54            android:exported="true" >
54-->src\main\AndroidManifest.xml:50:13-36
55            <intent-filter>
55-->src\main\AndroidManifest.xml:51:13-55:29
56                <action android:name="android.intent.action.MAIN" />
56-->src\main\AndroidManifest.xml:52:17-69
56-->src\main\AndroidManifest.xml:52:25-66
57
58                <category android:name="android.intent.category.LAUNCHER" />
58-->src\main\AndroidManifest.xml:54:17-77
58-->src\main\AndroidManifest.xml:54:27-74
59            </intent-filter>
60
61            <meta-data
61-->src\main\AndroidManifest.xml:57:13-59:53
62                android:name="android.app.shortcuts"
62-->src\main\AndroidManifest.xml:58:17-53
63                android:resource="@xml/shortcuts" />
63-->src\main\AndroidManifest.xml:59:17-50
64        </activity> <!-- 使用系统的provider -->
65        <provider
65-->src\main\AndroidManifest.xml:61:9-70:20
66            android:name="androidx.core.content.FileProvider"
66-->src\main\AndroidManifest.xml:62:13-62
67            android:authorities="@string/file_provider"
67-->src\main\AndroidManifest.xml:63:13-56
68            android:grantUriPermissions="true" >
68-->src\main\AndroidManifest.xml:64:13-47
69
70            <!-- 配置哪些路径是可以通过FileProvider访问的 -->
71            <meta-data
71-->src\main\AndroidManifest.xml:67:13-69:54
72                android:name="android.support.FILE_PROVIDER_PATHS"
72-->src\main\AndroidManifest.xml:68:17-67
73                android:resource="@xml/file_paths" />
73-->src\main\AndroidManifest.xml:69:17-51
74        </provider>
75
76        <activity
76-->[pub.devrel:easypermissions:3.0.0] AndroidManifest.xml:12:9-16:66
77            android:name="pub.devrel.easypermissions.AppSettingsDialogHolderActivity"
77-->[pub.devrel:easypermissions:3.0.0] AndroidManifest.xml:13:13-86
78            android:exported="false"
78-->[pub.devrel:easypermissions:3.0.0] AndroidManifest.xml:14:13-37
79            android:label=""
79-->[pub.devrel:easypermissions:3.0.0] AndroidManifest.xml:15:13-29
80            android:theme="@style/EasyPermissions.Transparent" />
80-->[pub.devrel:easypermissions:3.0.0] AndroidManifest.xml:16:13-63
81    </application>
82
83</manifest>